.\Debug\houses.bsc
.\Debug\houses.pdb
C:\USERS\BODYS_000\DESKTOP\ICT207\207\ICT207-PROJECT\CAMPUS TOUR\DEBUG\AABB.OBJ
C:\USERS\BODYS_000\DESKTOP\ICT207\207\ICT207-PROJECT\CAMPUS TOUR\DEBUG\AABB.SBR
C:\USERS\BODYS_000\DESKTOP\ICT207\207\ICT207-PROJECT\CAMPUS TOUR\DEBUG\AABBLINKEDLIST.OBJ
C:\USERS\BODYS_000\DESKTOP\ICT207\207\ICT207-PROJECT\CAMPUS TOUR\DEBUG\AABBLINKEDLIST.SBR
C:\USERS\BODYS_000\DESKTOP\ICT207\207\ICT207-PROJECT\CAMPUS TOUR\DEBUG\AABBNODE.OBJ
C:\USERS\BODYS_000\DESKTOP\ICT207\207\ICT207-PROJECT\CAMPUS TOUR\DEBUG\AABBNODE.SBR
C:\USERS\BODYS_000\DESKTOP\ICT207\207\ICT207-PROJECT\CAMPUS TOUR\DEBUG\CAMERA.OBJ
C:\USERS\BODYS_000\DESKTOP\ICT207\207\ICT207-PROJECT\CAMPUS TOUR\DEBUG\CAMERA.SBR
C:\USERS\BODYS_000\DESKTOP\ICT207\207\ICT207-PROJECT\CAMPUS TOUR\DEBUG\CAMERAMAP.OBJ
C:\USERS\BODYS_000\DESKTOP\ICT207\207\ICT207-PROJECT\CAMPUS TOUR\DEBUG\CAMERAMAP.SBR
C:\USERS\BODYS_000\DESKTOP\ICT207\207\ICT207-PROJECT\CAMPUS TOUR\DEBUG\COLLISION.OBJ
C:\USERS\BODYS_000\DESKTOP\ICT207\207\ICT207-PROJECT\CAMPUS TOUR\DEBUG\COLLISION.SBR
C:\USERS\BODYS_000\DESKTOP\ICT207\207\ICT207-PROJECT\CAMPUS TOUR\DEBUG\HOUSES.BSC
C:\USERS\BODYS_000\DESKTOP\ICT207\207\ICT207-PROJECT\CAMPUS TOUR\DEBUG\HOUSES.EXE
C:\USERS\BODYS_000\DESKTOP\ICT207\207\ICT207-PROJECT\CAMPUS TOUR\DEBUG\HOUSES.EXE.EMBED.MANIFEST.RES
C:\USERS\BODYS_000\DESKTOP\ICT207\207\ICT207-PROJECT\CAMPUS TOUR\DEBUG\HOUSES.EXE.INTERMEDIATE.MANIFEST
C:\USERS\BODYS_000\DESKTOP\ICT207\207\ICT207-PROJECT\CAMPUS TOUR\DEBUG\HOUSES.ILK
C:\USERS\BODYS_000\DESKTOP\ICT207\207\ICT207-PROJECT\CAMPUS TOUR\DEBUG\HOUSES.PDB
C:\USERS\BODYS_000\DESKTOP\ICT207\207\ICT207-PROJECT\CAMPUS TOUR\DEBUG\LOADER.OBJ
C:\USERS\BODYS_000\DESKTOP\ICT207\207\ICT207-PROJECT\CAMPUS TOUR\DEBUG\LOADER.SBR
C:\USERS\BODYS_000\DESKTOP\ICT207\207\ICT207-PROJECT\CAMPUS TOUR\DEBUG\MAIN.OBJ
C:\USERS\BODYS_000\DESKTOP\ICT207\207\ICT207-PROJECT\CAMPUS TOUR\DEBUG\MAIN.SBR
C:\USERS\BODYS_000\DESKTOP\ICT207\207\ICT207-PROJECT\CAMPUS TOUR\DEBUG\MTL.OBJ
C:\USERS\BODYS_000\DESKTOP\ICT207\207\ICT207-PROJECT\CAMPUS TOUR\DEBUG\MTL.SBR
C:\USERS\BODYS_000\DESKTOP\ICT207\207\ICT207-PROJECT\CAMPUS TOUR\DEBUG\PLAINLINKEDLIST.OBJ
C:\USERS\BODYS_000\DESKTOP\ICT207\207\ICT207-PROJECT\CAMPUS TOUR\DEBUG\PLAINLINKEDLIST.SBR
C:\USERS\BODYS_000\DESKTOP\ICT207\207\ICT207-PROJECT\CAMPUS TOUR\DEBUG\PLAINNODE.OBJ
C:\USERS\BODYS_000\DESKTOP\ICT207\207\ICT207-PROJECT\CAMPUS TOUR\DEBUG\PLAINNODE.SBR
C:\USERS\BODYS_000\DESKTOP\ICT207\207\ICT207-PROJECT\CAMPUS TOUR\DEBUG\SHAYWORLD.OBJ
C:\USERS\BODYS_000\DESKTOP\ICT207\207\ICT207-PROJECT\CAMPUS TOUR\DEBUG\SHAYWORLD.SBR
C:\USERS\BODYS_000\DESKTOP\ICT207\207\ICT207-PROJECT\CAMPUS TOUR\DEBUG\TEXTUREDPOLYGONS.OBJ
C:\USERS\BODYS_000\DESKTOP\ICT207\207\ICT207-PROJECT\CAMPUS TOUR\DEBUG\TEXTUREDPOLYGONS.SBR
C:\USERS\BODYS_000\DESKTOP\ICT207\207\ICT207-PROJECT\CAMPUS TOUR\DEBUG\VC100.PDB
C:\USERS\BODYS_000\DESKTOP\ICT207\207\ICT207-PROJECT\CAMPUS TOUR\DEBUG\ZAABB.OBJ
C:\USERS\BODYS_000\DESKTOP\ICT207\207\ICT207-PROJECT\CAMPUS TOUR\DEBUG\ZAABB.SBR
C:\USERS\BODYS_000\DESKTOP\ICT207\207\ICT207-PROJECT\CAMPUS TOUR\DEBUG\ZCAMERA.OBJ
C:\USERS\BODYS_000\DESKTOP\ICT207\207\ICT207-PROJECT\CAMPUS TOUR\DEBUG\ZCAMERA.SBR
C:\USERS\BODYS_000\DESKTOP\ICT207\207\ICT207-PROJECT\CAMPUS TOUR\DEBUG\ZINVENTORY.OBJ
C:\USERS\BODYS_000\DESKTOP\ICT207\207\ICT207-PROJECT\CAMPUS TOUR\DEBUG\ZINVENTORY.SBR
C:\USERS\BODYS_000\DESKTOP\ICT207\207\ICT207-PROJECT\CAMPUS TOUR\DEBUG\ZNATM.OBJ
C:\USERS\BODYS_000\DESKTOP\ICT207\207\ICT207-PROJECT\CAMPUS TOUR\DEBUG\ZNATM.SBR
C:\USERS\BODYS_000\DESKTOP\ICT207\207\ICT207-PROJECT\CAMPUS TOUR\DEBUG\ZOBJECT.OBJ
C:\USERS\BODYS_000\DESKTOP\ICT207\207\ICT207-PROJECT\CAMPUS TOUR\DEBUG\ZOBJECT.SBR
C:\USERS\BODYS_000\DESKTOP\ICT207\207\ICT207-PROJECT\CAMPUS TOUR\DEBUG\ZZOMBIE.OBJ
C:\USERS\BODYS_000\DESKTOP\ICT207\207\ICT207-PROJECT\CAMPUS TOUR\DEBUG\ZZOMBIE.SBR
C:\Users\Seij\stuff\uni\ICT207\W1\shayLearyALL\ICT207-Project\CAMPUS TOUR\.\Debug\houses.exe.intermediate.manifest
C:\USERS\SEIJ\STUFF\UNI\ICT207\W1\SHAYLEARYALL\ICT207-PROJECT\CAMPUS TOUR\DEBUG\AABB.OBJ
C:\USERS\SEIJ\STUFF\UNI\ICT207\W1\SHAYLEARYALL\ICT207-PROJECT\CAMPUS TOUR\DEBUG\AABB.SBR
C:\USERS\SEIJ\STUFF\UNI\ICT207\W1\SHAYLEARYALL\ICT207-PROJECT\CAMPUS TOUR\DEBUG\AABBLINKEDLIST.OBJ
C:\USERS\SEIJ\STUFF\UNI\ICT207\W1\SHAYLEARYALL\ICT207-PROJECT\CAMPUS TOUR\DEBUG\AABBLINKEDLIST.SBR
C:\USERS\SEIJ\STUFF\UNI\ICT207\W1\SHAYLEARYALL\ICT207-PROJECT\CAMPUS TOUR\DEBUG\AABBNODE.OBJ
C:\USERS\SEIJ\STUFF\UNI\ICT207\W1\SHAYLEARYALL\ICT207-PROJECT\CAMPUS TOUR\DEBUG\AABBNODE.SBR
C:\Users\Seij\stuff\uni\ICT207\W1\shayLearyALL\ICT207-Project\CAMPUS TOUR\Debug\BscMake.command.1.tlog
C:\Users\Seij\stuff\uni\ICT207\W1\shayLearyALL\ICT207-Project\CAMPUS TOUR\Debug\bscmake.read.1.tlog
C:\Users\Seij\stuff\uni\ICT207\W1\shayLearyALL\ICT207-Project\CAMPUS TOUR\Debug\bscmake.write.1.tlog
C:\USERS\SEIJ\STUFF\UNI\ICT207\W1\SHAYLEARYALL\ICT207-PROJECT\CAMPUS TOUR\DEBUG\CAMERA.OBJ
C:\USERS\SEIJ\STUFF\UNI\ICT207\W1\SHAYLEARYALL\ICT207-PROJECT\CAMPUS TOUR\DEBUG\CAMERA.SBR
C:\USERS\SEIJ\STUFF\UNI\ICT207\W1\SHAYLEARYALL\ICT207-PROJECT\CAMPUS TOUR\DEBUG\CAMERAMAP.OBJ
C:\USERS\SEIJ\STUFF\UNI\ICT207\W1\SHAYLEARYALL\ICT207-PROJECT\CAMPUS TOUR\DEBUG\CAMERAMAP.SBR
C:\Users\Seij\stuff\uni\ICT207\W1\shayLearyALL\ICT207-Project\CAMPUS TOUR\Debug\cl.command.1.tlog
C:\Users\Seij\stuff\uni\ICT207\W1\shayLearyALL\ICT207-Project\CAMPUS TOUR\Debug\CL.read.1.tlog
C:\Users\Seij\stuff\uni\ICT207\W1\shayLearyALL\ICT207-Project\CAMPUS TOUR\Debug\CL.write.1.tlog
C:\USERS\SEIJ\STUFF\UNI\ICT207\W1\SHAYLEARYALL\ICT207-PROJECT\CAMPUS TOUR\DEBUG\COLLISION.OBJ
C:\USERS\SEIJ\STUFF\UNI\ICT207\W1\SHAYLEARYALL\ICT207-PROJECT\CAMPUS TOUR\DEBUG\COLLISION.SBR
C:\USERS\SEIJ\STUFF\UNI\ICT207\W1\SHAYLEARYALL\ICT207-PROJECT\CAMPUS TOUR\DEBUG\HOUSES.BSC
C:\USERS\SEIJ\STUFF\UNI\ICT207\W1\SHAYLEARYALL\ICT207-PROJECT\CAMPUS TOUR\DEBUG\HOUSES.EXE.EMBED.MANIFEST
C:\USERS\SEIJ\STUFF\UNI\ICT207\W1\SHAYLEARYALL\ICT207-PROJECT\CAMPUS TOUR\DEBUG\HOUSES.EXE.EMBED.MANIFEST.RES
C:\Users\Seij\stuff\uni\ICT207\W1\shayLearyALL\ICT207-Project\CAMPUS TOUR\Debug\houses.exe.intermediate.manifest
C:\Users\Seij\stuff\uni\ICT207\W1\shayLearyALL\ICT207-Project\CAMPUS TOUR\Debug\houses.pdb
C:\Users\Seij\stuff\uni\ICT207\W1\shayLearyALL\ICT207-Project\CAMPUS TOUR\Debug\houses.vcxprojResolveAssemblyReference.cache
C:\Users\Seij\stuff\uni\ICT207\W1\shayLearyALL\ICT207-Project\CAMPUS TOUR\Debug\houses.write.1.tlog
C:\Users\Seij\stuff\uni\ICT207\W1\shayLearyALL\ICT207-Project\CAMPUS TOUR\Debug\houses_manifest.rc
C:\Users\Seij\stuff\uni\ICT207\W1\shayLearyALL\ICT207-Project\CAMPUS TOUR\Debug\link.1352.read.1.tlog
C:\Users\Seij\stuff\uni\ICT207\W1\shayLearyALL\ICT207-Project\CAMPUS TOUR\Debug\link.1352.write.1.tlog
C:\Users\Seij\stuff\uni\ICT207\W1\shayLearyALL\ICT207-Project\CAMPUS TOUR\Debug\link.1352-cvtres.read.1.tlog
C:\Users\Seij\stuff\uni\ICT207\W1\shayLearyALL\ICT207-Project\CAMPUS TOUR\Debug\link.1352-cvtres.write.1.tlog
C:\Users\Seij\stuff\uni\ICT207\W1\shayLearyALL\ICT207-Project\CAMPUS TOUR\Debug\link.4620.read.1.tlog
C:\Users\Seij\stuff\uni\ICT207\W1\shayLearyALL\ICT207-Project\CAMPUS TOUR\Debug\link.4620.write.1.tlog
C:\Users\Seij\stuff\uni\ICT207\W1\shayLearyALL\ICT207-Project\CAMPUS TOUR\Debug\link.4620-cvtres.read.1.tlog
C:\Users\Seij\stuff\uni\ICT207\W1\shayLearyALL\ICT207-Project\CAMPUS TOUR\Debug\link.4620-cvtres.write.1.tlog
C:\Users\Seij\stuff\uni\ICT207\W1\shayLearyALL\ICT207-Project\CAMPUS TOUR\Debug\link.592.read.1.tlog
C:\Users\Seij\stuff\uni\ICT207\W1\shayLearyALL\ICT207-Project\CAMPUS TOUR\Debug\link.592.write.1.tlog
C:\Users\Seij\stuff\uni\ICT207\W1\shayLearyALL\ICT207-Project\CAMPUS TOUR\Debug\link.6188.read.1.tlog
C:\Users\Seij\stuff\uni\ICT207\W1\shayLearyALL\ICT207-Project\CAMPUS TOUR\Debug\link.6188.write.1.tlog
C:\Users\Seij\stuff\uni\ICT207\W1\shayLearyALL\ICT207-Project\CAMPUS TOUR\Debug\link.6188-cvtres.read.1.tlog
C:\Users\Seij\stuff\uni\ICT207\W1\shayLearyALL\ICT207-Project\CAMPUS TOUR\Debug\link.6188-cvtres.write.1.tlog
C:\Users\Seij\stuff\uni\ICT207\W1\shayLearyALL\ICT207-Project\CAMPUS TOUR\Debug\link.6724.read.1.tlog
C:\Users\Seij\stuff\uni\ICT207\W1\shayLearyALL\ICT207-Project\CAMPUS TOUR\Debug\link.6724.write.1.tlog
C:\Users\Seij\stuff\uni\ICT207\W1\shayLearyALL\ICT207-Project\CAMPUS TOUR\Debug\link.6724-cvtres.read.1.tlog
C:\Users\Seij\stuff\uni\ICT207\W1\shayLearyALL\ICT207-Project\CAMPUS TOUR\Debug\link.6724-cvtres.write.1.tlog
C:\Users\Seij\stuff\uni\ICT207\W1\shayLearyALL\ICT207-Project\CAMPUS TOUR\Debug\link.6808.read.1.tlog
C:\Users\Seij\stuff\uni\ICT207\W1\shayLearyALL\ICT207-Project\CAMPUS TOUR\Debug\link.6808.write.1.tlog
C:\Users\Seij\stuff\uni\ICT207\W1\shayLearyALL\ICT207-Project\CAMPUS TOUR\Debug\link.6808-cvtres.read.1.tlog
C:\Users\Seij\stuff\uni\ICT207\W1\shayLearyALL\ICT207-Project\CAMPUS TOUR\Debug\link.6808-cvtres.write.1.tlog
C:\Users\Seij\stuff\uni\ICT207\W1\shayLearyALL\ICT207-Project\CAMPUS TOUR\Debug\link.6860.read.1.tlog
C:\Users\Seij\stuff\uni\ICT207\W1\shayLearyALL\ICT207-Project\CAMPUS TOUR\Debug\link.6860.write.1.tlog
C:\Users\Seij\stuff\uni\ICT207\W1\shayLearyALL\ICT207-Project\CAMPUS TOUR\Debug\link.6860-cvtres.read.1.tlog
C:\Users\Seij\stuff\uni\ICT207\W1\shayLearyALL\ICT207-Project\CAMPUS TOUR\Debug\link.6860-cvtres.write.1.tlog
C:\Users\Seij\stuff\uni\ICT207\W1\shayLearyALL\ICT207-Project\CAMPUS TOUR\Debug\link.7612.read.1.tlog
C:\Users\Seij\stuff\uni\ICT207\W1\shayLearyALL\ICT207-Project\CAMPUS TOUR\Debug\link.7612.write.1.tlog
C:\Users\Seij\stuff\uni\ICT207\W1\shayLearyALL\ICT207-Project\CAMPUS TOUR\Debug\link.7612-cvtres.read.1.tlog
C:\Users\Seij\stuff\uni\ICT207\W1\shayLearyALL\ICT207-Project\CAMPUS TOUR\Debug\link.7612-cvtres.write.1.tlog
C:\Users\Seij\stuff\uni\ICT207\W1\shayLearyALL\ICT207-Project\CAMPUS TOUR\Debug\link.7740.read.1.tlog
C:\Users\Seij\stuff\uni\ICT207\W1\shayLearyALL\ICT207-Project\CAMPUS TOUR\Debug\link.7740.write.1.tlog
C:\Users\Seij\stuff\uni\ICT207\W1\shayLearyALL\ICT207-Project\CAMPUS TOUR\Debug\link.7740-cvtres.read.1.tlog
C:\Users\Seij\stuff\uni\ICT207\W1\shayLearyALL\ICT207-Project\CAMPUS TOUR\Debug\link.7740-cvtres.write.1.tlog
C:\Users\Seij\stuff\uni\ICT207\W1\shayLearyALL\ICT207-Project\CAMPUS TOUR\Debug\link.command.1.tlog
C:\Users\Seij\stuff\uni\ICT207\W1\shayLearyALL\ICT207-Project\CAMPUS TOUR\Debug\link.read.1.tlog
C:\Users\Seij\stuff\uni\ICT207\W1\shayLearyALL\ICT207-Project\CAMPUS TOUR\Debug\link.write.1.tlog
C:\Users\Seij\stuff\uni\ICT207\W1\shayLearyALL\ICT207-Project\CAMPUS TOUR\Debug\link-cvtres.read.1.tlog
C:\Users\Seij\stuff\uni\ICT207\W1\shayLearyALL\ICT207-Project\CAMPUS TOUR\Debug\link-cvtres.write.1.tlog
C:\USERS\SEIJ\STUFF\UNI\ICT207\W1\SHAYLEARYALL\ICT207-PROJECT\CAMPUS TOUR\DEBUG\LOADER.OBJ
C:\USERS\SEIJ\STUFF\UNI\ICT207\W1\SHAYLEARYALL\ICT207-PROJECT\CAMPUS TOUR\DEBUG\LOADER.SBR
C:\USERS\SEIJ\STUFF\UNI\ICT207\W1\SHAYLEARYALL\ICT207-PROJECT\CAMPUS TOUR\DEBUG\MAIN.OBJ
C:\USERS\SEIJ\STUFF\UNI\ICT207\W1\SHAYLEARYALL\ICT207-PROJECT\CAMPUS TOUR\DEBUG\MAIN.SBR
C:\Users\Seij\stuff\uni\ICT207\W1\shayLearyALL\ICT207-Project\CAMPUS TOUR\Debug\mt.command.1.tlog
C:\Users\Seij\stuff\uni\ICT207\W1\shayLearyALL\ICT207-Project\CAMPUS TOUR\Debug\mt.read.1.tlog
C:\Users\Seij\stuff\uni\ICT207\W1\shayLearyALL\ICT207-Project\CAMPUS TOUR\Debug\mt.write.1.tlog
C:\USERS\SEIJ\STUFF\UNI\ICT207\W1\SHAYLEARYALL\ICT207-PROJECT\CAMPUS TOUR\DEBUG\MTL.OBJ
C:\USERS\SEIJ\STUFF\UNI\ICT207\W1\SHAYLEARYALL\ICT207-PROJECT\CAMPUS TOUR\DEBUG\MTL.SBR
C:\USERS\SEIJ\STUFF\UNI\ICT207\W1\SHAYLEARYALL\ICT207-PROJECT\CAMPUS TOUR\DEBUG\PLAINLINKEDLIST.OBJ
C:\USERS\SEIJ\STUFF\UNI\ICT207\W1\SHAYLEARYALL\ICT207-PROJECT\CAMPUS TOUR\DEBUG\PLAINLINKEDLIST.SBR
C:\USERS\SEIJ\STUFF\UNI\ICT207\W1\SHAYLEARYALL\ICT207-PROJECT\CAMPUS TOUR\DEBUG\PLAINNODE.OBJ
C:\USERS\SEIJ\STUFF\UNI\ICT207\W1\SHAYLEARYALL\ICT207-PROJECT\CAMPUS TOUR\DEBUG\PLAINNODE.SBR
C:\Users\Seij\stuff\uni\ICT207\W1\shayLearyALL\ICT207-Project\CAMPUS TOUR\Debug\rc.command.1.tlog
C:\Users\Seij\stuff\uni\ICT207\W1\shayLearyALL\ICT207-Project\CAMPUS TOUR\Debug\rc.read.1.tlog
C:\Users\Seij\stuff\uni\ICT207\W1\shayLearyALL\ICT207-Project\CAMPUS TOUR\Debug\rc.write.1.tlog
C:\USERS\SEIJ\STUFF\UNI\ICT207\W1\SHAYLEARYALL\ICT207-PROJECT\CAMPUS TOUR\DEBUG\SHAYWORLD.OBJ
C:\USERS\SEIJ\STUFF\UNI\ICT207\W1\SHAYLEARYALL\ICT207-PROJECT\CAMPUS TOUR\DEBUG\SHAYWORLD.SBR
C:\USERS\SEIJ\STUFF\UNI\ICT207\W1\SHAYLEARYALL\ICT207-PROJECT\CAMPUS TOUR\DEBUG\TEXTUREDPOLYGONS.OBJ
C:\USERS\SEIJ\STUFF\UNI\ICT207\W1\SHAYLEARYALL\ICT207-PROJECT\CAMPUS TOUR\DEBUG\TEXTUREDPOLYGONS.SBR
C:\Users\Seij\stuff\uni\ICT207\W1\shayLearyALL\ICT207-Project\CAMPUS TOUR\Debug\vc100.idb
C:\USERS\SEIJ\STUFF\UNI\ICT207\W1\SHAYLEARYALL\ICT207-PROJECT\CAMPUS TOUR\DEBUG\VC100.PDB
C:\USERS\SEIJ\STUFF\UNI\ICT207\W1\SHAYLEARYALL\ICT207-PROJECT\CAMPUS TOUR\DEBUG\ZAABB.OBJ
C:\USERS\SEIJ\STUFF\UNI\ICT207\W1\SHAYLEARYALL\ICT207-PROJECT\CAMPUS TOUR\DEBUG\ZAABB.SBR
C:\USERS\SEIJ\STUFF\UNI\ICT207\W1\SHAYLEARYALL\ICT207-PROJECT\CAMPUS TOUR\DEBUG\ZCAMERA.OBJ
C:\USERS\SEIJ\STUFF\UNI\ICT207\W1\SHAYLEARYALL\ICT207-PROJECT\CAMPUS TOUR\DEBUG\ZCAMERA.SBR
C:\USERS\SEIJ\STUFF\UNI\ICT207\W1\SHAYLEARYALL\ICT207-PROJECT\CAMPUS TOUR\DEBUG\ZINVENTORY.OBJ
C:\USERS\SEIJ\STUFF\UNI\ICT207\W1\SHAYLEARYALL\ICT207-PROJECT\CAMPUS TOUR\DEBUG\ZINVENTORY.SBR
C:\USERS\SEIJ\STUFF\UNI\ICT207\W1\SHAYLEARYALL\ICT207-PROJECT\CAMPUS TOUR\DEBUG\ZNATM.OBJ
C:\USERS\SEIJ\STUFF\UNI\ICT207\W1\SHAYLEARYALL\ICT207-PROJECT\CAMPUS TOUR\DEBUG\ZNATM.SBR
C:\USERS\SEIJ\STUFF\UNI\ICT207\W1\SHAYLEARYALL\ICT207-PROJECT\CAMPUS TOUR\DEBUG\ZOBJECT.OBJ
C:\USERS\SEIJ\STUFF\UNI\ICT207\W1\SHAYLEARYALL\ICT207-PROJECT\CAMPUS TOUR\DEBUG\ZOBJECT.SBR
C:\USERS\SEIJ\STUFF\UNI\ICT207\W1\SHAYLEARYALL\ICT207-PROJECT\CAMPUS TOUR\DEBUG\ZZOMBIE.OBJ
C:\USERS\SEIJ\STUFF\UNI\ICT207\W1\SHAYLEARYALL\ICT207-PROJECT\CAMPUS TOUR\DEBUG\ZZOMBIE.SBR
