Build started 06/11/2013 8:13:53 PM.
     1>Project "C:\Users\Seij\stuff\uni\ICT207\W1\shayLearyALL\ICT207-Project\CAMPUS TOUR\houses.vcxproj" on node 2 (build target(s)).
     1>InitializeBuildStatus:
         Creating ".\Debug\houses.unsuccessfulbuild" because "AlwaysCreate" was specified.
       ClCompile:
         C:\Program Files (x86)\Microsoft Visual Studio 10.0\VC\bin\CL.exe /c /I"C:\Users\Seij\stuff\uni\ICT207\W1\shayLearyALL\ICT207-Project\CAMPUS TOUR\\SFML" /ZI /nologo /W3 /WX- /Od /Oy- /D SFML_STATIC /D WIN32 /D _CONSOLE /D _VC80_UPGRADE=0x0600 /Gm /EHsc /RTC1 /MD /GS /Gy- /fp:precise /Zc:wchar_t /Zc:forScope /Fo".\Debug\\" /Fd".\Debug\vc100.pdb" /FR".\Debug\\" /Gd /TP /analyze- /errorReport:prompt ZNATM\ZNATM.cpp
         ZNATM.cpp
     1>c:\users\seij\stuff\uni\ict207\w1\shaylearyall\ict207-project\campus tour\znatm\znatm.cpp(87): warning C4305: '=' : truncation from 'double' to 'float'
     1>c:\users\seij\stuff\uni\ict207\w1\shaylearyall\ict207-project\campus tour\znatm\znatm.cpp(94): warning C4244: 'argument' : conversion from 'double' to 'float', possible loss of data
     1>c:\users\seij\stuff\uni\ict207\w1\shaylearyall\ict207-project\campus tour\znatm\znatm.cpp(216): warning C4244: 'argument' : conversion from 'double' to 'float', possible loss of data
     1>c:\users\seij\stuff\uni\ict207\w1\shaylearyall\ict207-project\campus tour\znatm\znatm.cpp(218): warning C4244: 'argument' : conversion from 'double' to 'float', possible loss of data
     1>c:\users\seij\stuff\uni\ict207\w1\shaylearyall\ict207-project\campus tour\znatm\znatm.cpp(222): warning C4244: 'argument' : conversion from 'double' to 'float', possible loss of data
     1>c:\users\seij\stuff\uni\ict207\w1\shaylearyall\ict207-project\campus tour\znatm\znatm.cpp(224): warning C4244: 'argument' : conversion from 'double' to 'float', possible loss of data
     1>c:\users\seij\stuff\uni\ict207\w1\shaylearyall\ict207-project\campus tour\znatm\znatm.cpp(228): warning C4244: 'argument' : conversion from 'double' to 'float', possible loss of data
     1>c:\users\seij\stuff\uni\ict207\w1\shaylearyall\ict207-project\campus tour\znatm\znatm.cpp(230): warning C4244: 'argument' : conversion from 'double' to 'float', possible loss of data
     1>c:\users\seij\stuff\uni\ict207\w1\shaylearyall\ict207-project\campus tour\znatm\znatm.cpp(282): warning C4018: '<' : signed/unsigned mismatch
     1>c:\users\seij\stuff\uni\ict207\w1\shaylearyall\ict207-project\campus tour\znatm\znatm.cpp(289): warning C4244: 'argument' : conversion from 'double' to 'GLfloat', possible loss of data
     1>c:\users\seij\stuff\uni\ict207\w1\shaylearyall\ict207-project\campus tour\znatm\znatm.cpp(296): warning C4018: '<' : signed/unsigned mismatch
     1>c:\users\seij\stuff\uni\ict207\w1\shaylearyall\ict207-project\campus tour\znatm\znatm.cpp(391): warning C4244: 'argument' : conversion from 'time_t' to 'unsigned int', possible loss of data
     1>c:\users\seij\stuff\uni\ict207\w1\shaylearyall\ict207-project\campus tour\znatm\znatm.cpp(428): warning C4244: 'argument' : conversion from 'double' to 'float', possible loss of data
     1>c:\users\seij\stuff\uni\ict207\w1\shaylearyall\ict207-project\campus tour\znatm\znatm.cpp(431): warning C4244: 'argument' : conversion from 'double' to 'float', possible loss of data
     1>c:\users\seij\stuff\uni\ict207\w1\shaylearyall\ict207-project\campus tour\znatm\znatm.cpp(453): warning C4244: 'argument' : conversion from 'double' to 'float', possible loss of data
     1>c:\users\seij\stuff\uni\ict207\w1\shaylearyall\ict207-project\campus tour\znatm\znatm.cpp(458): warning C4018: '<' : signed/unsigned mismatch
     1>c:\users\seij\stuff\uni\ict207\w1\shaylearyall\ict207-project\campus tour\znatm\znatm.cpp(498): warning C4244: 'argument' : conversion from 'double' to 'float', possible loss of data
     1>c:\users\seij\stuff\uni\ict207\w1\shaylearyall\ict207-project\campus tour\znatm\znatm.cpp(526): warning C4244: 'argument' : conversion from 'double' to 'int', possible loss of data
     1>c:\users\seij\stuff\uni\ict207\w1\shaylearyall\ict207-project\campus tour\znatm\znatm.cpp(554): warning C4244: 'argument' : conversion from 'double' to 'float', possible loss of data
     1>c:\users\seij\stuff\uni\ict207\w1\shaylearyall\ict207-project\campus tour\znatm\znatm.cpp(560): warning C4244: 'argument' : conversion from 'double' to 'float', possible loss of data
     1>c:\users\seij\stuff\uni\ict207\w1\shaylearyall\ict207-project\campus tour\znatm\znatm.cpp(560): warning C4244: 'argument' : conversion from 'double' to 'float', possible loss of data
     1>c:\users\seij\stuff\uni\ict207\w1\shaylearyall\ict207-project\campus tour\znatm\znatm.cpp(561): warning C4244: 'argument' : conversion from 'double' to 'float', possible loss of data
     1>c:\users\seij\stuff\uni\ict207\w1\shaylearyall\ict207-project\campus tour\znatm\znatm.cpp(561): warning C4244: 'argument' : conversion from 'double' to 'float', possible loss of data
     1>c:\users\seij\stuff\uni\ict207\w1\shaylearyall\ict207-project\campus tour\znatm\znatm.cpp(562): warning C4244: 'argument' : conversion from 'double' to 'float', possible loss of data
     1>c:\users\seij\stuff\uni\ict207\w1\shaylearyall\ict207-project\campus tour\znatm\znatm.cpp(562): warning C4244: 'argument' : conversion from 'double' to 'float', possible loss of data
     1>c:\users\seij\stuff\uni\ict207\w1\shaylearyall\ict207-project\campus tour\znatm\znatm.cpp(624): warning C4018: '<=' : signed/unsigned mismatch
     1>c:\users\seij\stuff\uni\ict207\w1\shaylearyall\ict207-project\campus tour\znatm\znatm.cpp(717): warning C4244: 'argument' : conversion from 'double' to 'float', possible loss of data
     1>c:\users\seij\stuff\uni\ict207\w1\shaylearyall\ict207-project\campus tour\znatm\znatm.cpp(753): warning C4244: 'argument' : conversion from 'double' to 'float', possible loss of data
     1>c:\users\seij\stuff\uni\ict207\w1\shaylearyall\ict207-project\campus tour\znatm\znatm.cpp(753): warning C4244: 'argument' : conversion from 'double' to 'float', possible loss of data
     1>c:\users\seij\stuff\uni\ict207\w1\shaylearyall\ict207-project\campus tour\znatm\znatm.cpp(753): warning C4244: 'argument' : conversion from 'double' to 'float', possible loss of data
     1>c:\users\seij\stuff\uni\ict207\w1\shaylearyall\ict207-project\campus tour\znatm\znatm.cpp(766): warning C4018: '<' : signed/unsigned mismatch
     1>c:\users\seij\stuff\uni\ict207\w1\shaylearyall\ict207-project\campus tour\znatm\znatm.cpp(787): warning C4244: 'argument' : conversion from 'double' to 'float', possible loss of data
     1>c:\users\seij\stuff\uni\ict207\w1\shaylearyall\ict207-project\campus tour\znatm\znatm.cpp(791): warning C4244: 'argument' : conversion from 'double' to 'float', possible loss of data
     1>c:\users\seij\stuff\uni\ict207\w1\shaylearyall\ict207-project\campus tour\znatm\znatm.cpp(803): warning C4244: 'argument' : conversion from 'double' to 'float', possible loss of data
     1>c:\users\seij\stuff\uni\ict207\w1\shaylearyall\ict207-project\campus tour\znatm\znatm.cpp(809): warning C4244: 'argument' : conversion from 'double' to 'float', possible loss of data
     1>c:\users\seij\stuff\uni\ict207\w1\shaylearyall\ict207-project\campus tour\znatm\znatm.cpp(809): warning C4244: 'argument' : conversion from 'double' to 'float', possible loss of data
     1>c:\users\seij\stuff\uni\ict207\w1\shaylearyall\ict207-project\campus tour\znatm\znatm.cpp(809): warning C4244: 'argument' : conversion from 'double' to 'float', possible loss of data
       ManifestResourceCompile:
         All outputs are up-to-date.
       Link:
         C:\Program Files (x86)\Microsoft Visual Studio 10.0\VC\bin\link.exe /ERRORREPORT:PROMPT /OUT:".\Debug\houses.exe" /INCREMENTAL /NOLOGO /LIBPATH:"C:\Users\Seij\stuff\uni\ICT207\W1\shayLearyALL\ICT207-Project\CAMPUS TOUR\\lib\\" odbc32.lib odbccp32.lib freeglut.lib ilut.lib ilu.lib devil.lib "sfml-audio-s.lib" "sfml-system-s.lib" "sfml-audio-d.lib" "sfml-system-d.lib" kernel32.lib user32.lib gdi32.lib winspool.lib comdlg32.lib advapi32.lib shell32.lib ole32.lib oleaut32.lib uuid.lib odbc32.lib odbccp32.lib /MANIFEST /ManifestFile:".\Debug\houses.exe.intermediate.manifest" /MANIFESTUAC:"level='asInvoker' uiAccess='false'" /DEBUG /PDB:"C:\Users\Seij\stuff\uni\ICT207\W1\shayLearyALL\ICT207-Project\CAMPUS TOUR\Debug\houses.pdb" /SUBSYSTEM:CONSOLE /TLBID:1 /DYNAMICBASE /NXCOMPAT /IMPLIB:".\Debug\houses.lib" /MACHINE:X86 .\Debug\houses.exe.embed.manifest.res
         .\Debug\AABB.obj
         .\Debug\AABBLinkedList.obj
         .\Debug\AABBNode.obj
         .\Debug\camera.obj
         .\Debug\cameraMap.obj
         .\Debug\collision.obj
         .\Debug\main.obj
         .\Debug\PlainLinkedList.obj
         .\Debug\PlainNode.obj
         .\Debug\ShayWorld.obj
         .\Debug\texturedPolygons.obj
         .\Debug\Loader.obj
         .\Debug\MTL.obj
         .\Debug\Sound.obj
         .\Debug\zAABB.obj
         .\Debug\zCamera.obj
         .\Debug\zInventory.obj
         .\Debug\zKey.obj
         .\Debug\ZNATM.obj
         .\Debug\zObject.obj
         .\Debug\zPlayer.obj
         .\Debug\zZombie.obj
       Manifest:
         C:\Program Files (x86)\Microsoft SDKs\Windows\v7.0A\bin\mt.exe /nologo /verbose /out:".\Debug\houses.exe.embed.manifest" /manifest .\Debug\houses.exe.intermediate.manifest
         All outputs are up-to-date.
       LinkEmbedManifest:
         All outputs are up-to-date.
         houses.vcxproj -> C:\Users\Seij\stuff\uni\ICT207\W1\shayLearyALL\ICT207-Project\CAMPUS TOUR\.\Debug\houses.exe
       BscMake:
         All outputs are up-to-date.
       FinalizeBuildStatus:
         Deleting file ".\Debug\houses.unsuccessfulbuild".
         Touching ".\Debug\houses.lastbuildstate".
     1>Done Building Project "C:\Users\Seij\stuff\uni\ICT207\W1\shayLearyALL\ICT207-Project\CAMPUS TOUR\houses.vcxproj" (build target(s)).

Build succeeded.

Time Elapsed 00:00:04.25
