C:\Users\Seij\stuff\uni\ICT207\W1\shayLearyALL\ICT207-Project\CAMPUS TOUR\.\Release\houses.exe
C:\Users\Seij\stuff\uni\ICT207\W1\shayLearyALL\ICT207-Project\CAMPUS TOUR\.\Release\houses.exe.intermediate.manifest
C:\USERS\SEIJ\STUFF\UNI\ICT207\W1\SHAYLEARYALL\ICT207-PROJECT\CAMPUS TOUR\RELEASE\AABB.OBJ
C:\USERS\SEIJ\STUFF\UNI\ICT207\W1\SHAYLEARYALL\ICT207-PROJECT\CAMPUS TOUR\RELEASE\AABBLINKEDLIST.OBJ
C:\USERS\SEIJ\STUFF\UNI\ICT207\W1\SHAYLEARYALL\ICT207-PROJECT\CAMPUS TOUR\RELEASE\AABBNODE.OBJ
C:\USERS\SEIJ\STUFF\UNI\ICT207\W1\SHAYLEARYALL\ICT207-PROJECT\CAMPUS TOUR\RELEASE\CAMERA.OBJ
C:\USERS\SEIJ\STUFF\UNI\ICT207\W1\SHAYLEARYALL\ICT207-PROJECT\CAMPUS TOUR\RELEASE\CAMERAMAP.OBJ
C:\Users\Seij\stuff\uni\ICT207\W1\shayLearyALL\ICT207-Project\CAMPUS TOUR\Release\cl.command.1.tlog
C:\Users\Seij\stuff\uni\ICT207\W1\shayLearyALL\ICT207-Project\CAMPUS TOUR\Release\CL.read.1.tlog
C:\Users\Seij\stuff\uni\ICT207\W1\shayLearyALL\ICT207-Project\CAMPUS TOUR\Release\CL.write.1.tlog
C:\USERS\SEIJ\STUFF\UNI\ICT207\W1\SHAYLEARYALL\ICT207-PROJECT\CAMPUS TOUR\RELEASE\COLLISION.OBJ
C:\USERS\SEIJ\STUFF\UNI\ICT207\W1\SHAYLEARYALL\ICT207-PROJECT\CAMPUS TOUR\RELEASE\HOUSES.EXE
C:\USERS\SEIJ\STUFF\UNI\ICT207\W1\SHAYLEARYALL\ICT207-PROJECT\CAMPUS TOUR\RELEASE\HOUSES.EXE.INTERMEDIATE.MANIFEST
C:\Users\Seij\stuff\uni\ICT207\W1\shayLearyALL\ICT207-Project\CAMPUS TOUR\Release\houses.vcxprojResolveAssemblyReference.cache
C:\Users\Seij\stuff\uni\ICT207\W1\shayLearyALL\ICT207-Project\CAMPUS TOUR\Release\houses.write.1.tlog
C:\Users\Seij\stuff\uni\ICT207\W1\shayLearyALL\ICT207-Project\CAMPUS TOUR\Release\link.command.1.tlog
C:\Users\Seij\stuff\uni\ICT207\W1\shayLearyALL\ICT207-Project\CAMPUS TOUR\Release\link.read.1.tlog
C:\Users\Seij\stuff\uni\ICT207\W1\shayLearyALL\ICT207-Project\CAMPUS TOUR\Release\link.write.1.tlog
C:\USERS\SEIJ\STUFF\UNI\ICT207\W1\SHAYLEARYALL\ICT207-PROJECT\CAMPUS TOUR\RELEASE\LOADER.OBJ
C:\USERS\SEIJ\STUFF\UNI\ICT207\W1\SHAYLEARYALL\ICT207-PROJECT\CAMPUS TOUR\RELEASE\MAIN.OBJ
C:\Users\Seij\stuff\uni\ICT207\W1\shayLearyALL\ICT207-Project\CAMPUS TOUR\Release\mt.command.1.tlog
C:\Users\Seij\stuff\uni\ICT207\W1\shayLearyALL\ICT207-Project\CAMPUS TOUR\Release\mt.read.1.tlog
C:\Users\Seij\stuff\uni\ICT207\W1\shayLearyALL\ICT207-Project\CAMPUS TOUR\Release\mt.write.1.tlog
C:\USERS\SEIJ\STUFF\UNI\ICT207\W1\SHAYLEARYALL\ICT207-PROJECT\CAMPUS TOUR\RELEASE\MTL.OBJ
C:\USERS\SEIJ\STUFF\UNI\ICT207\W1\SHAYLEARYALL\ICT207-PROJECT\CAMPUS TOUR\RELEASE\PLAINLINKEDLIST.OBJ
C:\USERS\SEIJ\STUFF\UNI\ICT207\W1\SHAYLEARYALL\ICT207-PROJECT\CAMPUS TOUR\RELEASE\PLAINNODE.OBJ
C:\USERS\SEIJ\STUFF\UNI\ICT207\W1\SHAYLEARYALL\ICT207-PROJECT\CAMPUS TOUR\RELEASE\SHAYWORLD.OBJ
C:\USERS\SEIJ\STUFF\UNI\ICT207\W1\SHAYLEARYALL\ICT207-PROJECT\CAMPUS TOUR\RELEASE\SOUND.OBJ
C:\USERS\SEIJ\STUFF\UNI\ICT207\W1\SHAYLEARYALL\ICT207-PROJECT\CAMPUS TOUR\RELEASE\TEXTUREDPOLYGONS.OBJ
C:\USERS\SEIJ\STUFF\UNI\ICT207\W1\SHAYLEARYALL\ICT207-PROJECT\CAMPUS TOUR\RELEASE\VC100.PDB
C:\USERS\SEIJ\STUFF\UNI\ICT207\W1\SHAYLEARYALL\ICT207-PROJECT\CAMPUS TOUR\RELEASE\ZAABB.OBJ
C:\USERS\SEIJ\STUFF\UNI\ICT207\W1\SHAYLEARYALL\ICT207-PROJECT\CAMPUS TOUR\RELEASE\ZCAMERA.OBJ
C:\USERS\SEIJ\STUFF\UNI\ICT207\W1\SHAYLEARYALL\ICT207-PROJECT\CAMPUS TOUR\RELEASE\ZINVENTORY.OBJ
C:\USERS\SEIJ\STUFF\UNI\ICT207\W1\SHAYLEARYALL\ICT207-PROJECT\CAMPUS TOUR\RELEASE\ZKEY.OBJ
C:\USERS\SEIJ\STUFF\UNI\ICT207\W1\SHAYLEARYALL\ICT207-PROJECT\CAMPUS TOUR\RELEASE\ZNATM.OBJ
C:\USERS\SEIJ\STUFF\UNI\ICT207\W1\SHAYLEARYALL\ICT207-PROJECT\CAMPUS TOUR\RELEASE\ZOBJECT.OBJ
C:\USERS\SEIJ\STUFF\UNI\ICT207\W1\SHAYLEARYALL\ICT207-PROJECT\CAMPUS TOUR\RELEASE\ZPLAYER.OBJ
C:\USERS\SEIJ\STUFF\UNI\ICT207\W1\SHAYLEARYALL\ICT207-PROJECT\CAMPUS TOUR\RELEASE\ZZOMBIE.OBJ
